<?xml version="1.0" encoding="UTF-8"?>
<!-- Generated by org.testng.reporters.JUnitReportReporter -->
<testsuite hostname="DESKTOP-DHEM1RL" failures="0" tests="1" name="runner_scripts.Datap" time="5.471" errors="0" timestamp="2023-07-01T11:53:58 IST" skipped="0">
  <testcase classname="runner_scripts.Datap" name="test1" time="5.471"/>
  <system-out/>
</testsuite> <!-- runner_scripts.Datap -->
