<?xml version="1.0" encoding="UTF-8"?>
<!-- Generated by org.testng.reporters.JUnitReportReporter -->
<testsuite hostname="DESKTOP-DHEM1RL" failures="0" tests="2" name="runner_scripts.Dataprovi" time="39.207" errors="0" timestamp="2023-06-30T10:54:40 IST" skipped="0">
  <testcase classname="runner_scripts.Dataprovi" name="test1" time="7.613"/>
  <system-out/>
  <testcase classname="runner_scripts.Dataprovi" name="test1" time="31.594"/>
  <system-out/>
</testsuite> <!-- runner_scripts.Dataprovi -->
