<?xml version="1.0" encoding="UTF-8"?>
<!-- Generated by org.testng.reporters.JUnitReportReporter -->
<testsuite hostname="DESKTOP-DHEM1RL" failures="0" tests="1" name="runner_scripts.Logg2" time="0.060" errors="0" timestamp="2023-06-27T10:52:27 IST" skipped="0">
  <testcase classname="runner_scripts.Logg2" name="tet" time="0.060"/>
  <system-out/>
</testsuite> <!-- runner_scripts.Logg2 -->
