<?xml version="1.0" encoding="UTF-8"?>
<!-- Generated by org.testng.reporters.JUnitReportReporter -->
<testsuite hostname="DESKTOP-DHEM1RL" failures="0" tests="1" name="runner_scripts.Exte" time="0.409" errors="0" timestamp="2023-06-27T10:42:50 IST" skipped="0">
  <testcase classname="runner_scripts.Exte" name="test1" time="0.409"/>
  <system-out/>
</testsuite> <!-- runner_scripts.Exte -->
